<<< Itinerario de Sam>>>

Nombre del producto: Pack Degustacion
Tipo de atracci贸n: DEGUSTACION
Costo: 2 Tiempo: 7.5
---------------------------------

Nombre del producto: Pack Aventura
Tipo de atracci贸n: AVENTURA
Costo: 23 Tiempo: 7.0
---------------------------------

Nombre del producto: Lothlorien
Tipo de atracci贸n: DEGUSTACION
Costo: 35 Tiempo: 1.0
---------------------------------

Nombre del producto: Moria
Tipo de atracci贸n: AVENTURA
Costo: 10 Tiempo: 2.0
---------------------------------
Atracciones a visitar: 
La Comarca
Lothlorien
Mordor
Bosque negro
Lothlorien
Moria
Costo total: 70
Tiempo total: 17.5
