<<< Itinerario de Sole>>>

Nombre del producto: Pack paisajes
Tipo de atracción: PAISAJE
Costo: 10 Tiempo: 7.5
---------------------------------

Nombre del producto: Pack aventura
Tipo de atracción: AVENTURA
Costo: 23 Tiempo: 7.0
---------------------------------

Nombre del producto: Pack degustación
Tipo de atracción: DEGUSTACIÓN
Costo: 2 Tiempo: 7.5
---------------------------------

Nombre del producto: Moria
Tipo de atracción: AVENTURA
Costo: 10 Tiempo: 2.0
---------------------------------
Atracciones a visitar: 
Minas Tirith
Abismo de Helm
Erebor
Bosque negro
Mordor
Lothlórien
La Comarca
Moria
Costo total: 45
Tiempo total: 24.0
